<?xml version="1.0" encoding="UTF-8"?>
<testsuite xmlns:xsi="http://www.w3.org/2001/XMLSchema-instance" xsi:noNamespaceSchemaLocation="https://maven.apache.org/surefire/maven-surefire-plugin/xsd/surefire-test-report-3.0.xsd" version="3.0" name="tests.UserTestPositive" time="17.652" tests="1" errors="0" skipped="0" failures="0">
  <properties>
[...]
</properties>
  <testcase name="listaDeUsuarioCriado" classname="tests.UserTestPositive" time="16.852">
    <system-out><![CDATA[Usuário criado: qa1743792649231@teste.com | ID: JVKUnEjNBkSHSRAS
]]></system-out>
  </testcase>
</testsuite>